Performing C++ SOURCE FILE Test COMPILER_SUPPORTS_CXX11 failed with the following output:
Change Dir: D:/test_ORB_SLAM/orbslam-windows/build/CMakeFiles/CMakeTmp

Run Build Command(s):C:/Program Files (x86)/Microsoft Visual Studio/2019/Community/MSBuild/Current/Bin/MSBuild.exe cmTC_43b08.vcxproj /p:Configuration=Debug /p:Platform=x64 /p:VisualStudioVersion=16.0 /v:m && Microsoft (R) Build Engine ўҐабЁЁ 16.4.0+e901037fe ¤«п .NET Framework
(C) Љ®аЇ®а жЁп Њ ©Єа®б®дв (Microsoft Corporation). ‚бҐ Їа ў  § йЁйҐ­л.

  Microsoft (R) C/C++ Optimizing Compiler Version 19.24.28316 for x64
  Copyright (C) Microsoft Corporation.  All rights reserved.
  src.cxx
  cl /c /Zi /W0 /WX- /diagnostics:column /Od /Ob0 /D WIN32 /D _WINDOWS /D COMPILER_SUPPORTS_CXX11 /D "CMAKE_INTDIR=\"Debug\"" /D _MBCS /Gm- /EHsc /RTC1 /MDd /GS /fp:precise /Zc:wchar_t /Zc:forScope /Zc:inline /GR /Fo"cmTC_43b08.dir\Debug\\" /Fd"cmTC_43b08.dir\Debug\vc142.pdb" /Gd /TP /errorReport:queue  -bigobj -std=c++11 "D:\test_ORB_SLAM\orbslam-windows\build\CMakeFiles\CMakeTmp\src.cxx"
cl : command line warning D9002: ignoring unknown option '-std=c++11' [D:\test_ORB_SLAM\orbslam-windows\build\CMakeFiles\CMakeTmp\cmTC_43b08.vcxproj]
  cmTC_43b08.vcxproj -> D:\test_ORB_SLAM\orbslam-windows\build\CMakeFiles\CMakeTmp\Debug\cmTC_43b08.exe


Source file was:
int main() { return 0; }
Performing C++ SOURCE FILE Test COMPILER_SUPPORTS_CXX0X failed with the following output:
Change Dir: D:/test_ORB_SLAM/orbslam-windows/build/CMakeFiles/CMakeTmp

Run Build Command(s):C:/Program Files (x86)/Microsoft Visual Studio/2019/Community/MSBuild/Current/Bin/MSBuild.exe cmTC_b0af4.vcxproj /p:Configuration=Debug /p:Platform=x64 /p:VisualStudioVersion=16.0 /v:m && Microsoft (R) Build Engine ўҐабЁЁ 16.4.0+e901037fe ¤«п .NET Framework
(C) Љ®аЇ®а жЁп Њ ©Єа®б®дв (Microsoft Corporation). ‚бҐ Їа ў  § йЁйҐ­л.

  Microsoft (R) C/C++ Optimizing Compiler Version 19.24.28316 for x64
  Copyright (C) Microsoft Corporation.  All rights reserved.
  src.cxx
  cl /c /Zi /W0 /WX- /diagnostics:column /Od /Ob0 /D WIN32 /D _WINDOWS /D COMPILER_SUPPORTS_CXX0X /D "CMAKE_INTDIR=\"Debug\"" /D _MBCS /Gm- /EHsc /RTC1 /MDd /GS /fp:precise /Zc:wchar_t /Zc:forScope /Zc:inline /GR /Fo"cmTC_b0af4.dir\Debug\\" /Fd"cmTC_b0af4.dir\Debug\vc142.pdb" /Gd /TP /errorReport:queue  -bigobj -std=c++0x "D:\test_ORB_SLAM\orbslam-windows\build\CMakeFiles\CMakeTmp\src.cxx"
cl : command line warning D9002: ignoring unknown option '-std=c++0x' [D:\test_ORB_SLAM\orbslam-windows\build\CMakeFiles\CMakeTmp\cmTC_b0af4.vcxproj]
  cmTC_b0af4.vcxproj -> D:\test_ORB_SLAM\orbslam-windows\build\CMakeFiles\CMakeTmp\Debug\cmTC_b0af4.exe


Source file was:
int main() { return 0; }
