  Building Custom Rule F:/laba_work/v2/ORB_SLAM2/orbslam-windows/CMakeLists.txt
  System.cc
  Tracking.cc
  LocalMapping.cc
  LoopClosing.cc
  ORBextractor.cc
C:\Program Files (x86)\Microsoft Visual Studio\2019\Community\VC\Tools\MSVC\14.27.29110\include\utility(248,1): warning C4267: инициализация: преобразование из "size_t" в "_Ty1"; возможна потеря данных
          with
          [
              _Ty1=int
          ]
F:\laba_work\v2\ORB_SLAM2\orbslam-windows\src\ORBextractor.cc(627): message : выполняется компиляция ссылки на экземпляр шаблон функции "std::pair<int,ORB_SLAM2::ExtractorNode *>::pair<unsigned __int64,ORB_SLAM2::ExtractorNode*,0>(std::pair<unsigned __int64,ORB_SLAM2::ExtractorNode *> &&) noexcept"
F:\laba_work\v2\ORB_SLAM2\orbslam-windows\src\ORBextractor.cc(627): message : выполняется компиляция ссылки на экземпляр шаблон функции "std::pair<int,ORB_SLAM2::ExtractorNode *>::pair<unsigned __int64,ORB_SLAM2::ExtractorNode*,0>(std::pair<unsigned __int64,ORB_SLAM2::ExtractorNode *> &&) noexcept"
  ORBmatcher.cc
  FrameDrawer.cc
  Converter.cc
  MapPoint.cc
  KeyFrame.cc
  Map.cc
  MapDrawer.cc
  Optimizer.cc
  PnPsolver.cc
  Frame.cc
  KeyFrameDatabase.cc
  Sim3Solver.cc
  Initializer.cc
C:\Program Files (x86)\Microsoft Visual Studio\2019\Community\VC\Tools\MSVC\14.27.29110\include\utility(248,16): warning C4244: инициализация: преобразование "_Ty" в "_Ty1", возможна потеря данных
          with
          [
              _Ty=unsigned __int64
          ]
          and
          [
              _Ty1=int
          ]
F:\laba_work\v2\ORB_SLAM2\orbslam-windows\src\Initializer.cc(59): message : выполняется компиляция ссылки на экземпляр шаблон функции "std::pair<int,int>::pair<unsigned __int64,int,0>(std::pair<unsigned __int64,int> &&) noexcept"
F:\laba_work\v2\ORB_SLAM2\orbslam-windows\src\Initializer.cc(59): message : выполняется компиляция ссылки на экземпляр шаблон функции "std::pair<int,int>::pair<unsigned __int64,int,0>(std::pair<unsigned __int64,int> &&) noexcept"
  Viewer.cc
  Создание кода...
LINK : fatal error LNK1104: не удается открыть файл "..\Thirdparty\Pangolin\libs\Release\pangolin.lib"
